<?xml version="1.0" encoding="UTF-8"?>
<!-- Generated by org.testng.reporters.JUnitXMLReporter -->
<testsuite ignored="0" hostname="IB-Pune-LAP-358" failures="0" tests="4" name="Test" time="6.286" errors="0" timestamp="2022-07-28T16:24:21 IST">
  <testcase classname="library.Crudoperation" name="Test01_Post" time="3.04"/>
  <testcase classname="library.Crudoperation" name="Test02_getbyauthor" time="1.922"/>
  <testcase classname="library.Crudoperation" name="Test03_getbyID" time="0.583"/>
  <testcase classname="library.Crudoperation" name="Test04_delete" time="0.664"/>
</testsuite> <!-- Test -->
